<?xml version="1.0" encoding="UTF-8"?>
<testng-results skipped="0" failed="0" ignored="0" total="1" passed="1">
  <reporter-output>
  </reporter-output>
  <suite name="Suite" duration-ms="13921" started-at="2018-07-19T01:18:19Z" finished-at="2018-07-19T01:18:33Z">
    <groups>
    </groups>
    <test name="Test" duration-ms="13921" started-at="2018-07-19T01:18:19Z" finished-at="2018-07-19T01:18:33Z">
      <class name="webTableBrowser.Browserinitialize">
        <test-method status="PASS" signature="test1()[pri:0, instance:webTableBrowser.Browserinitialize@2b98378d]" name="test1" duration-ms="13874" started-at="2018-07-18T21:18:19Z" finished-at="2018-07-18T21:18:33Z">
          <reporter-output>
          </reporter-output>
        </test-method> <!-- test1 -->
      </class> <!-- webTableBrowser.Browserinitialize -->
    </test> <!-- Test -->
  </suite> <!-- Suite -->
</testng-results>
